[tahoe-niri-session] ----- 2026-06-15T02:18:50+08:00 -----
[tahoe-niri-session] user: wwt
[tahoe-niri-session] home: /home/wwt
[tahoe-niri-session] path: /home/wwt/.local/bin:/usr/local/bin:/usr/bin:/usr/local/bin:/usr/bin:/bin:/usr/local/sbin:/usr/bin/site_perl:/usr/bin/vendor_perl:/usr/bin/core_perl
[tahoe-niri-session] display: DISPLAY= WAYLAND_DISPLAY=
[tahoe-niri-session] session: XDG_SESSION_TYPE=wayland XDG_CURRENT_DESKTOP=niri DESKTOP_SESSION=tahoe-niri
[tahoe-niri-session] runtime: XDG_RUNTIME_DIR=/run/user/1000 XDG_SEAT=seat0 XDG_VTNR=8
[tahoe-niri-session] custom niri binary detected; using direct compositor launch
[tahoe-niri-session] config: /home/wwt/.config/niri/tahoe/config.kdl
[tahoe-niri-session] quickshell: /usr/bin/quickshell
[tahoe-niri-session] Tahoe shell: /home/wwt/.config/quickshell/tahoe
[tahoe-niri-session] niri: /home/wwt/.local/bin/niri
[tahoe-niri-session] niri session wrapper: disabled
[2m2026-06-14T18:18:50.809083Z[0m [32m INFO[0m [2mniri[0m[2m:[0m starting version 26.04 (110693a1)
[2m2026-06-14T18:18:50.815922Z[0m [34mDEBUG[0m [2mniri_config[0m[2m:[0m loaded config from "/home/wwt/.config/niri/tahoe/config.kdl"
[2m2026-06-14T18:18:51.310839Z[0m [34mDEBUG[0m [2mniri::backend::tty[0m[2m:[0m session is not active, starting libinput in paused state
[2m2026-06-14T18:18:51.315073Z[0m [32m INFO[0m [2mniri::backend::tty[0m[2m:[0m using as the render node: "/dev/dri/renderD128"
[2m2026-06-14T18:18:51.324311Z[0m [32m INFO[0m [2mniri[0m[2m:[0m listening on Wayland socket: wayland-1
[2m2026-06-14T18:18:51.324326Z[0m [32m INFO[0m [2mniri[0m[2m:[0m IPC listening on: /run/user/1000/niri.wayland-1.890.sock
[2m2026-06-14T18:18:51.324548Z[0m [33m WARN[0m [2mniri::utils::xwayland::satellite[0m[2m:[0m error spawning xwayland-satellite at "xwayland-satellite", disabling integration: No such file or directory (os error 2)
Environment variable $DISPLAY not set, ignoring.
[2m2026-06-14T18:18:51.411727Z[0m [34mDEBUG[0m [2mniri::backend::tty[0m[2m:[0m skipping UdevEvent::Changed as session is inactive
[2m2026-06-14T18:18:51.413342Z[0m [34mDEBUG[0m [2mniri::backend::tty[0m[2m:[0m resuming session
[2m2026-06-14T18:18:51.511830Z[0m [34mDEBUG[0m [2mniri::backend::tty[0m[2m:[0m adding device: 57856 "/dev/dri/card0"
[2m2026-06-14T18:18:51.511874Z[0m [34mDEBUG[0m [2mniri::backend::tty[0m[2m:[0m this is the primary node
[2m2026-06-14T18:18:51.535777Z[0m [34mDEBUG[0m [2mniri::backend::tty[0m[2m:[0m got render node: renderD128
[2m2026-06-14T18:18:51.535796Z[0m [34mDEBUG[0m [2mniri::backend::tty[0m[2m:[0m initializing the primary renderer
[2m2026-06-14T18:18:51.626628Z[0m [34mDEBUG[0m [2mniri::backend::tty[0m[2m:[0m device changed: 57856
[2m2026-06-14T18:18:51.626892Z[0m [33m WARN[0m [2mniri::backend::tty[0m[2m:[0m error getting EDID info for Virtual-1: no EDID property
[2m2026-06-14T18:18:51.626902Z[0m [34mDEBUG[0m [2mniri::backend::tty[0m[2m:[0m new connector: Virtual-1 "Unknown Unknown Unknown"
[2m2026-06-14T18:18:51.627067Z[0m [34mDEBUG[0m [2mniri::backend::tty[0m[2m:[0m connecting connector: Virtual-1
[2m2026-06-14T18:18:51.627080Z[0m [34mDEBUG[0m [2mniri::backend::tty[0m[2m:[0m picking mode: Mode { name: "1280x800", clock: 81510, size: (1280, 800), hsync: (1330, 1380, 1430), vsync: (850, 900, 950), hskew: 0, vscan: 0, vrefresh: 60, mode_type: ModeTypeFlags(PREFERRED | DRIVER) }
[2m2026-06-14T18:18:51.627101Z[0m [34mDEBUG[0m [2mniri::backend::tty[0m[2m:[0m failed to set HDR properties: couldn't find property: "HDR_OUTPUT_METADATA"
[2m2026-06-14T18:18:51.627113Z[0m [34mDEBUG[0m [2mniri::backend::tty[0m[2m:[0m couldn't get gamma properties: missing GAMMA_LUT property
[2m2026-06-14T18:18:51.628528Z[0m [34mDEBUG[0m [2mniri::niri[0m[2m:[0m putting output Virtual-1 at x=0 y=0
[2m2026-06-14T18:18:51.697641Z[0m [33m WARN[0m [2mniri::utils::vblank_throttle[0m[2m:[0m output Virtual-1 running faster than expected, throttling vblanks: expected refresh 16.666667ms, got vblank after 7.308ms
[2m2026-06-14T18:18:53.089356Z[0m [34mDEBUG[0m [2mniri::backend::tty[0m[2m:[0m device changed: 57856
[2m2026-06-14T18:18:53.089599Z[0m [33m WARN[0m [2mniri::backend::tty[0m[2m:[0m error getting EDID info for Virtual-1: no EDID property
[2m2026-06-14T18:18:53.089610Z[0m [34mDEBUG[0m [2mniri::backend::tty[0m[2m:[0m connector changed: Virtual-1 "Unknown Unknown Unknown"
[2m2026-06-14T18:18:53.089631Z[0m [34mDEBUG[0m [2mniri::backend::tty[0m[2m:[0m output "Virtual-1": picking mode: Mode { name: "974x1347", clock: 100956, size: (974, 1347), hsync: (1024, 1074, 1124), vsync: (1397, 1447, 1497), hskew: 0, vscan: 0, vrefresh: 60, mode_type: ModeTypeFlags(PREFERRED | DRIVER) }
[2m2026-06-14T18:19:07.570897Z[0m [34mDEBUG[0m [2mniri::backend::tty[0m[2m:[0m device changed: 57856
[2m2026-06-14T18:19:07.571231Z[0m [33m WARN[0m [2mniri::backend::tty[0m[2m:[0m error getting EDID info for Virtual-1: no EDID property
[2m2026-06-14T18:19:07.571244Z[0m [34mDEBUG[0m [2mniri::backend::tty[0m[2m:[0m connector changed: Virtual-1 "Unknown Unknown Unknown"
[2m2026-06-14T18:19:07.571270Z[0m [34mDEBUG[0m [2mniri::backend::tty[0m[2m:[0m output "Virtual-1": picking mode: Mode { name: "2258x1360", clock: 218160, size: (2258, 1360), hsync: (2308, 2358, 2408), vsync: (1410, 1460, 1510), hskew: 0, vscan: 0, vrefresh: 60, mode_type: ModeTypeFlags(PREFERRED | DRIVER) }
libinput error: event3  - VirtualPS/2 VMware VMMouse: client bug: event processing lagging behind by 45ms, your system is too slow
libinput error: event3  - VirtualPS/2 VMware VMMouse: client bug: event processing lagging behind by 36ms, your system is too slow
libinput error: event3  - VirtualPS/2 VMware VMMouse: client bug: event processing lagging behind by 24ms, your system is too slow
libinput error: event3  - VirtualPS/2 VMware VMMouse: client bug: event processing lagging behind by 23ms, your system is too slow
libinput error: event3  - VirtualPS/2 VMware VMMouse: client bug: event processing lagging behind by 46ms, your system is too slow
libinput error: event3  - VirtualPS/2 VMware VMMouse: WARNING: log rate limit exceeded (5 msgs per 60min). Discarding future messages.
