[ 990751.868] {Default Queue}  -> tahoe_glass_surface_v1#50.set_region(1, 8, 4, 2032, 32, 18, 18, 18, 18, "panel", 7, 0.00000000, 1.00000000)
[ 990759.769] {Default Queue}  -> tahoe_glass_surface_v1#58.set_region(2, 968, 4, 112, 32, 16, 16, 16, 16, "pill", 7, 1.00000000, 1.00000000)
[ 990771.934] {Default Queue}  -> tahoe_glass_surface_v1#66.set_region(7, 339, 46, 1370, 84, 24, 24, 24, 24, "dock", 5, 0.00000000, 1.00000000)
[ 990909.030] {Default Queue}  -> tahoe_glass_surface_v1#66.set_region(7, 339, 87, 1370, 43, 24, 24, 24, 24, "dock", 5, 0.53906250, 1.00000000)
[ 990951.589] {Default Queue}  -> tahoe_glass_surface_v1#66.set_region(7, 339, 109, 1370, 21, 24, 24, 24, 24, "dock", 5, 0.28125000, 1.00000000)
[ 990996.033] {Default Queue}  -> tahoe_glass_surface_v1#66.set_region(7, 339, 106, 1370, 24, 24, 24, 24, 24, "dock", 5, 0.32031250, 1.00000000)
[ 991004.032] {Default Queue}  -> tahoe_glass_surface_v1#66.set_region(7, 339, 101, 1370, 29, 24, 24, 24, 24, "dock", 5, 0.37890625, 1.00000000)
[ 991022.219] {Default Queue}  -> tahoe_glass_surface_v1#66.set_region(7, 339, 95, 1370, 35, 24, 24, 24, 24, "dock", 5, 0.44140625, 1.00000000)
[ 991035.216] {Default Queue}  -> tahoe_glass_surface_v1#66.set_region(7, 339, 90, 1370, 40, 24, 24, 24, 24, "dock", 5, 0.50000000, 1.00000000)
[ 991051.053] {Default Queue}  -> tahoe_glass_surface_v1#66.set_region(7, 339, 84, 1370, 46, 24, 24, 24, 24, "dock", 5, 0.55859375, 1.00000000)
[ 991067.169] {Default Queue}  -> tahoe_glass_surface_v1#66.set_region(7, 339, 79, 1370, 51, 24, 24, 24, 24, "dock", 5, 0.62109375, 1.00000000)
[ 991083.111] {Default Queue}  -> tahoe_glass_surface_v1#66.set_region(7, 339, 74, 1370, 56, 24, 24, 24, 24, "dock", 5, 0.67968750, 1.00000000)
[ 991098.763] {Default Queue}  -> tahoe_glass_surface_v1#66.set_region(7, 339, 70, 1370, 60, 24, 24, 24, 24, "dock", 5, 0.71875000, 1.00000000)
[ 991114.731] {Default Queue}  -> tahoe_glass_surface_v1#66.set_region(7, 339, 67, 1370, 63, 24, 24, 24, 24, "dock", 5, 0.76171875, 1.00000000)
[ 991131.498] {Default Queue}  -> tahoe_glass_surface_v1#66.set_region(7, 339, 63, 1370, 67, 24, 24, 24, 24, "dock", 5, 0.80078125, 1.00000000)
[ 991147.242] {Default Queue}  -> tahoe_glass_surface_v1#66.set_region(7, 339, 61, 1370, 69, 24, 24, 24, 24, "dock", 5, 0.83984375, 1.00000000)
[ 991177.901] {Default Queue}  -> tahoe_glass_surface_v1#66.set_region(7, 339, 58, 1370, 72, 24, 24, 24, 24, "dock", 5, 0.85937500, 1.00000000)
[ 991179.735] {Default Queue}  -> tahoe_glass_surface_v1#66.set_region(7, 339, 56, 1370, 74, 24, 24, 24, 24, "dock", 5, 0.87890625, 1.00000000)
[ 991195.181] {Default Queue}  -> tahoe_glass_surface_v1#66.set_region(7, 339, 55, 1370, 75, 24, 24, 24, 24, "dock", 5, 0.89843750, 1.00000000)
[ 991210.741] {Default Queue}  -> tahoe_glass_surface_v1#66.set_region(7, 339, 53, 1370, 77, 24, 24, 24, 24, "dock", 5, 0.92187500, 1.00000000)
[ 991227.366] {Default Queue}  -> tahoe_glass_surface_v1#66.set_region(7, 339, 52, 1370, 78, 24, 24, 24, 24, "dock", 5, 0.94140625, 1.00000000)
[ 991243.076] {Default Queue}  -> tahoe_glass_surface_v1#66.set_region(7, 339, 51, 1370, 79, 24, 24, 24, 24, "dock", 5, 0.94140625, 1.00000000)
[ 991258.601] {Default Queue}  -> tahoe_glass_surface_v1#66.set_region(7, 339, 50, 1370, 80, 24, 24, 24, 24, "dock", 5, 0.96093750, 1.00000000)
[ 991275.125] {Default Queue}  -> tahoe_glass_surface_v1#66.set_region(7, 339, 49, 1370, 81, 24, 24, 24, 24, "dock", 5, 0.96093750, 1.00000000)
[ 991307.029] {Default Queue}  -> tahoe_glass_surface_v1#66.set_region(7, 339, 48, 1370, 82, 24, 24, 24, 24, "dock", 5, 0.98046875, 1.00000000)
[ 991354.688] {Default Queue}  -> tahoe_glass_surface_v1#66.set_region(7, 339, 47, 1370, 83, 24, 24, 24, 24, "dock", 5, 0.98046875, 1.00000000)
[ 991403.309] {Default Queue}  -> tahoe_glass_surface_v1#66.set_region(7, 339, 47, 1370, 83, 24, 24, 24, 24, "dock", 5, 1.00000000, 1.00000000)
[ 991451.466] {Default Queue}  -> tahoe_glass_surface_v1#66.set_region(7, 339, 46, 1370, 84, 24, 24, 24, 24, "dock", 5, 1.00000000, 1.00000000)
[ 995688.157] {Default Queue}  -> tahoe_glass_surface_v1#58.set_region(2, 950, 4, 148, 38, 17, 17, 17, 17, "pill", 7, 1.00000000, 1.00000000)
[ 995703.725] {Default Queue}  -> tahoe_glass_surface_v1#58.set_region(2, 935, 4, 178, 42, 18, 18, 18, 18, "pill", 7, 1.00000000, 1.00000000)
[ 995720.155] {Default Queue}  -> tahoe_glass_surface_v1#58.set_region(2, 921, 4, 206, 46, 19, 19, 19, 19, "pill", 7, 1.00000000, 1.00000000)
[ 995735.152] {Default Queue}  -> tahoe_glass_surface_v1#58.set_region(2, 911, 4, 226, 49, 20, 20, 20, 20, "pill", 7, 1.00000000, 1.00000000)
[ 995751.732] {Default Queue}  -> tahoe_glass_surface_v1#58.set_region(2, 901, 4, 246, 52, 21, 21, 21, 21, "pill", 7, 1.00000000, 1.00000000)
[ 995767.812] {Default Queue}  -> tahoe_glass_surface_v1#58.set_region(2, 894, 4, 260, 54, 22, 22, 22, 22, "pill", 7, 1.00000000, 1.00000000)
[ 995788.274] {Default Queue}  -> tahoe_glass_surface_v1#58.set_region(2, 888, 4, 272, 56, 22, 22, 22, 22, "pill", 7, 1.00000000, 1.00000000)
[ 995800.045] {Default Queue}  -> tahoe_glass_surface_v1#58.set_region(2, 883, 4, 282, 58, 23, 23, 23, 23, "pill", 7, 1.00000000, 1.00000000)
[ 995815.488] {Default Queue}  -> tahoe_glass_surface_v1#58.set_region(2, 880, 4, 288, 59, 23, 23, 23, 23, "pill", 7, 1.00000000, 1.00000000)
[ 995833.504] {Default Queue}  -> tahoe_glass_surface_v1#58.set_region(2, 877, 4, 294, 60, 23, 23, 23, 23, "pill", 7, 1.00000000, 1.00000000)
[ 995847.407] {Default Queue}  -> tahoe_glass_surface_v1#58.set_region(2, 875, 4, 298, 60, 23, 23, 23, 23, "pill", 7, 1.00000000, 1.00000000)
[ 995863.259] {Default Queue}  -> tahoe_glass_surface_v1#58.set_region(2, 874, 4, 300, 60, 23, 23, 23, 23, "pill", 7, 1.00000000, 1.00000000)
[ 995911.707] {Default Queue}  -> tahoe_glass_surface_v1#58.set_region(2, 874, 4, 300, 60, 24, 24, 24, 24, "pill", 7, 1.00000000, 1.00000000)
[ 996233.927] {Default Queue}  -> tahoe_glass_surface_v1#58.set_region(2, 892, 4, 264, 55, 22, 22, 22, 22, "pill", 7, 1.00000000, 1.00000000)
[ 996250.416] {Default Queue}  -> tahoe_glass_surface_v1#58.set_region(2, 907, 4, 234, 50, 21, 21, 21, 21, "pill", 7, 1.00000000, 1.00000000)
[ 996260.752] {Default Queue}  -> tahoe_glass_surface_v1#58.set_region(2, 909, 4, 230, 44, 22, 22, 22, 22, "pill", 7, 1.00000000, 1.00000000)
[ 996820.846] {Default Queue}  -> tahoe_glass_surface_v1#58.set_region(2, 920, 4, 208, 42, 20, 20, 20, 20, "pill", 7, 1.00000000, 1.00000000)
[ 996837.126] {Default Queue}  -> tahoe_glass_surface_v1#58.set_region(2, 930, 4, 188, 40, 19, 19, 19, 19, "pill", 7, 1.00000000, 1.00000000)
[ 996853.195] {Default Queue}  -> tahoe_glass_surface_v1#58.set_region(2, 938, 4, 172, 39, 19, 19, 19, 19, "pill", 7, 1.00000000, 1.00000000)
[ 996869.024] {Default Queue}  -> tahoe_glass_surface_v1#58.set_region(2, 945, 4, 158, 37, 18, 18, 18, 18, "pill", 7, 1.00000000, 1.00000000)
[ 996885.332] {Default Queue}  -> tahoe_glass_surface_v1#58.set_region(2, 950, 4, 148, 36, 17, 17, 17, 17, "pill", 7, 1.00000000, 1.00000000)
[ 996901.091] {Default Queue}  -> tahoe_glass_surface_v1#58.set_region(2, 955, 4, 138, 35, 17, 17, 17, 17, "pill", 7, 1.00000000, 1.00000000)
[ 996916.933] {Default Queue}  -> tahoe_glass_surface_v1#58.set_region(2, 959, 4, 130, 34, 16, 16, 16, 16, "pill", 7, 1.00000000, 1.00000000)
[ 996933.100] {Default Queue}  -> tahoe_glass_surface_v1#58.set_region(2, 962, 4, 124, 34, 16, 16, 16, 16, "pill", 7, 1.00000000, 1.00000000)
[ 996949.075] {Default Queue}  -> tahoe_glass_surface_v1#58.set_region(2, 964, 4, 120, 33, 16, 16, 16, 16, "pill", 7, 1.00000000, 1.00000000)
[ 996964.862] {Default Queue}  -> tahoe_glass_surface_v1#58.set_region(2, 965, 4, 118, 33, 16, 16, 16, 16, "pill", 7, 1.00000000, 1.00000000)
[ 996980.419] {Default Queue}  -> tahoe_glass_surface_v1#58.set_region(2, 966, 4, 116, 33, 16, 16, 16, 16, "pill", 7, 1.00000000, 1.00000000)
[ 996997.337] {Default Queue}  -> tahoe_glass_surface_v1#58.set_region(2, 967, 4, 114, 33, 16, 16, 16, 16, "pill", 7, 1.00000000, 1.00000000)
[ 997045.013] {Default Queue}  -> tahoe_glass_surface_v1#58.set_region(2, 968, 4, 112, 32, 16, 16, 16, 16, "pill", 7, 1.00000000, 1.00000000)
[1003205.551] {Default Queue}  -> tahoe_glass_surface_v1#66.set_region(7, 339, 46, 1370, 84, 24, 24, 24, 24, "dock", 5, 0.00000000, 1.00000000)
[1003226.320] {Default Queue}  -> tahoe_glass_surface_v1#66.set_region(7, 339, 50, 1370, 80, 24, 24, 24, 24, "dock", 5, 0.00000000, 1.00000000)
[1003237.281] {Default Queue}  -> tahoe_glass_surface_v1#66.set_region(7, 339, 57, 1370, 73, 24, 24, 24, 24, "dock", 5, 0.00000000, 1.00000000)
[1003269.301] {Default Queue}  -> tahoe_glass_surface_v1#66.set_region(7, 339, 72, 1370, 58, 24, 24, 24, 24, "dock", 5, 0.00000000, 1.00000000)
[1003300.828] {Default Queue}  -> tahoe_glass_surface_v1#66.set_region(7, 339, 80, 1370, 50, 24, 24, 24, 24, "dock", 5, 0.00000000, 1.00000000)
[1003326.139] {Default Queue}  -> tahoe_glass_surface_v1#66.set_region(7, 339, 94, 1370, 36, 24, 24, 24, 24, "dock", 5, 0.00000000, 1.00000000)
[1003332.985] {Default Queue}  -> tahoe_glass_surface_v1#66.set_region(7, 339, 100, 1370, 30, 24, 24, 24, 24, "dock", 5, 0.00000000, 1.00000000)
[1003349.180] {Default Queue}  -> tahoe_glass_surface_v1#66.set_region(7, 339, 105, 1370, 25, 24, 24, 24, 24, "dock", 5, 0.00000000, 1.00000000)
[1003380.868] {Default Queue}  -> tahoe_glass_surface_v1#66.set_region(7, 339, 109, 1370, 21, 24, 24, 24, 24, "dock", 5, 0.00000000, 1.00000000)
[1003397.247] {Default Queue}  -> tahoe_glass_surface_v1#66.set_region(7, 339, 117, 1370, 13, 24, 24, 24, 24, "dock", 5, 0.00000000, 1.00000000)
[1003413.306] {Default Queue}  -> tahoe_glass_surface_v1#66.set_region(7, 339, 119, 1370, 11, 24, 24, 24, 24, "dock", 5, 0.00000000, 1.00000000)
[1003433.624] {Default Queue}  -> tahoe_glass_surface_v1#66.set_region(7, 339, 122, 1370, 8, 24, 24, 24, 24, "dock", 5, 0.00000000, 1.00000000)
[1003445.126] {Default Queue}  -> tahoe_glass_surface_v1#66.set_region(7, 339, 124, 1370, 6, 24, 24, 24, 24, "dock", 5, 0.00000000, 1.00000000)
[1003476.965] {Default Queue}  -> tahoe_glass_surface_v1#66.set_region(7, 339, 126, 1370, 4, 24, 24, 24, 24, "dock", 5, 0.00000000, 1.00000000)
[1003493.123] {Default Queue}  -> tahoe_glass_surface_v1#66.set_region(7, 339, 128, 1370, 2, 24, 24, 24, 24, "dock", 5, 0.00000000, 1.00000000)
[1003509.053] {Default Queue}  -> tahoe_glass_surface_v1#66.set_region(7, 339, 129, 1370, 1, 24, 24, 24, 24, "dock", 5, 0.00000000, 1.00000000)
[1003541.124] {Default Queue}  -> tahoe_glass_surface_v1#66.clear_regions()
[1004738.453] {Default Queue}  -> tahoe_glass_surface_v1#66.set_region(7, 339, 123, 1370, 7, 24, 24, 24, 24, "dock", 5, 0.12109375, 1.00000000)
[1004754.810] {Default Queue}  -> tahoe_glass_surface_v1#66.set_region(7, 339, 116, 1370, 14, 24, 24, 24, 24, "dock", 5, 0.19921875, 1.00000000)
[1004770.701] {Default Queue}  -> tahoe_glass_surface_v1#66.set_region(7, 339, 108, 1370, 22, 24, 24, 24, 24, "dock", 5, 0.30078125, 1.00000000)
[1004786.102] {Default Queue}  -> tahoe_glass_surface_v1#66.set_region(7, 339, 100, 1370, 30, 24, 24, 24, 24, "dock", 5, 0.37890625, 1.00000000)
[1004802.794] {Default Queue}  -> tahoe_glass_surface_v1#66.set_region(7, 339, 93, 1370, 37, 24, 24, 24, 24, "dock", 5, 0.46093750, 1.00000000)
[1004826.322] {Default Queue}  -> tahoe_glass_surface_v1#66.set_region(7, 339, 86, 1370, 44, 24, 24, 24, 24, "dock", 5, 0.53906250, 1.00000000)
[1004834.532] {Default Queue}  -> tahoe_glass_surface_v1#66.set_region(7, 339, 80, 1370, 50, 24, 24, 24, 24, "dock", 5, 0.62109375, 1.00000000)
[1004850.652] {Default Queue}  -> tahoe_glass_surface_v1#66.set_region(7, 339, 75, 1370, 55, 24, 24, 24, 24, "dock", 5, 0.66015625, 1.00000000)
[1004866.620] {Default Queue}  -> tahoe_glass_surface_v1#66.set_region(7, 339, 71, 1370, 59, 24, 24, 24, 24, "dock", 5, 0.71875000, 1.00000000)
[1004882.571] {Default Queue}  -> tahoe_glass_surface_v1#66.set_region(7, 339, 67, 1370, 63, 24, 24, 24, 24, "dock", 5, 0.76171875, 1.00000000)
[1004898.529] {Default Queue}  -> tahoe_glass_surface_v1#66.set_region(7, 339, 63, 1370, 67, 24, 24, 24, 24, "dock", 5, 0.80078125, 1.00000000)
[1004917.968] {Default Queue}  -> tahoe_glass_surface_v1#66.set_region(7, 339, 61, 1370, 69, 24, 24, 24, 24, "dock", 5, 0.83984375, 1.00000000)
[1004930.638] {Default Queue}  -> tahoe_glass_surface_v1#66.set_region(7, 339, 58, 1370, 72, 24, 24, 24, 24, "dock", 5, 0.85937500, 1.00000000)
[1004946.527] {Default Queue}  -> tahoe_glass_surface_v1#66.set_region(7, 339, 56, 1370, 74, 24, 24, 24, 24, "dock", 5, 0.87890625, 1.00000000)
[1004962.517] {Default Queue}  -> tahoe_glass_surface_v1#66.set_region(7, 339, 54, 1370, 76, 24, 24, 24, 24, "dock", 5, 0.89843750, 1.00000000)
[1004978.900] {Default Queue}  -> tahoe_glass_surface_v1#66.set_region(7, 339, 53, 1370, 77, 24, 24, 24, 24, "dock", 5, 0.92187500, 1.00000000)
[1004994.511] {Default Queue}  -> tahoe_glass_surface_v1#66.set_region(7, 339, 52, 1370, 78, 24, 24, 24, 24, "dock", 5, 0.94140625, 1.00000000)
[1005010.539] {Default Queue}  -> tahoe_glass_surface_v1#66.set_region(7, 339, 51, 1370, 79, 24, 24, 24, 24, "dock", 5, 0.94140625, 1.00000000)
[1005026.634] {Default Queue}  -> tahoe_glass_surface_v1#66.set_region(7, 339, 50, 1370, 80, 24, 24, 24, 24, "dock", 5, 0.96093750, 1.00000000)
[1005042.576] {Default Queue}  -> tahoe_glass_surface_v1#66.set_region(7, 339, 49, 1370, 81, 24, 24, 24, 24, "dock", 5, 0.96093750, 1.00000000)
[1005074.620] {Default Queue}  -> tahoe_glass_surface_v1#66.set_region(7, 339, 48, 1370, 82, 24, 24, 24, 24, "dock", 5, 0.98046875, 1.00000000)
[1005122.269] {Default Queue}  -> tahoe_glass_surface_v1#66.set_region(7, 339, 47, 1370, 83, 24, 24, 24, 24, "dock", 5, 0.98046875, 1.00000000)
[1005154.472] {Default Queue}  -> tahoe_glass_surface_v1#66.set_region(7, 339, 47, 1370, 83, 24, 24, 24, 24, "dock", 5, 1.00000000, 1.00000000)
[1005203.032] {Default Queue}  -> tahoe_glass_surface_v1#66.set_region(7, 339, 46, 1370, 84, 24, 24, 24, 24, "dock", 5, 1.00000000, 1.00000000)
[1005843.748] {Default Queue}  -> tahoe_glass_surface_v1#66.set_region(7, 339, 46, 1370, 84, 24, 24, 24, 24, "dock", 5, 0.00000000, 1.00000000)
[1005862.317] {Default Queue}  -> tahoe_glass_surface_v1#66.set_region(7, 339, 50, 1370, 80, 24, 24, 24, 24, "dock", 5, 0.00000000, 1.00000000)
[1005878.124] {Default Queue}  -> tahoe_glass_surface_v1#66.set_region(7, 339, 57, 1370, 73, 24, 24, 24, 24, "dock", 5, 0.00000000, 1.00000000)
[1005894.145] {Default Queue}  -> tahoe_glass_surface_v1#66.set_region(7, 339, 64, 1370, 66, 24, 24, 24, 24, "dock", 5, 0.00000000, 1.00000000)
[1005913.728] {Default Queue}  -> tahoe_glass_surface_v1#66.set_region(7, 339, 72, 1370, 58, 24, 24, 24, 24, "dock", 5, 0.00000000, 1.00000000)
[1005926.215] {Default Queue}  -> tahoe_glass_surface_v1#66.set_region(7, 339, 80, 1370, 50, 24, 24, 24, 24, "dock", 5, 0.00000000, 1.00000000)
[1005941.932] {Default Queue}  -> tahoe_glass_surface_v1#66.set_region(7, 339, 87, 1370, 43, 24, 24, 24, 24, "dock", 5, 0.00000000, 1.00000000)
[1005957.868] {Default Queue}  -> tahoe_glass_surface_v1#66.set_region(7, 339, 94, 1370, 36, 24, 24, 24, 24, "dock", 5, 0.00000000, 1.00000000)
[1005973.956] {Default Queue}  -> tahoe_glass_surface_v1#66.set_region(7, 339, 100, 1370, 30, 24, 24, 24, 24, "dock", 5, 0.00000000, 1.00000000)
[1005989.788] {Default Queue}  -> tahoe_glass_surface_v1#66.set_region(7, 339, 105, 1370, 25, 24, 24, 24, 24, "dock", 5, 0.00000000, 1.00000000)
[1006009.258] {Default Queue}  -> tahoe_glass_surface_v1#66.set_region(7, 339, 109, 1370, 21, 24, 24, 24, 24, "dock", 5, 0.00000000, 1.00000000)
[1006021.704] {Default Queue}  -> tahoe_glass_surface_v1#66.set_region(7, 339, 113, 1370, 17, 24, 24, 24, 24, "dock", 5, 0.00000000, 1.00000000)
[1006037.809] {Default Queue}  -> tahoe_glass_surface_v1#66.set_region(7, 339, 117, 1370, 13, 24, 24, 24, 24, "dock", 5, 0.00000000, 1.00000000)
[1006054.095] {Default Queue}  -> tahoe_glass_surface_v1#66.set_region(7, 339, 119, 1370, 11, 24, 24, 24, 24, "dock", 5, 0.00000000, 1.00000000)
[1006069.978] {Default Queue}  -> tahoe_glass_surface_v1#66.set_region(7, 339, 122, 1370, 8, 24, 24, 24, 24, "dock", 5, 0.00000000, 1.00000000)
[1006085.671] {Default Queue}  -> tahoe_glass_surface_v1#66.set_region(7, 339, 124, 1370, 6, 24, 24, 24, 24, "dock", 5, 0.00000000, 1.00000000)
[1006102.609] {Default Queue}  -> tahoe_glass_surface_v1#66.set_region(7, 339, 126, 1370, 4, 24, 24, 24, 24, "dock", 5, 0.00000000, 1.00000000)
[1006126.374] {Default Queue}  -> tahoe_glass_surface_v1#66.set_region(7, 339, 127, 1370, 3, 24, 24, 24, 24, "dock", 5, 0.00000000, 1.00000000)
[1006134.155] {Default Queue}  -> tahoe_glass_surface_v1#66.set_region(7, 339, 128, 1370, 2, 24, 24, 24, 24, "dock", 5, 0.00000000, 1.00000000)
[1006154.548] {Default Queue}  -> tahoe_glass_surface_v1#66.set_region(7, 339, 129, 1370, 1, 24, 24, 24, 24, "dock", 5, 0.00000000, 1.00000000)
[1006165.663] {Default Queue}  -> tahoe_glass_surface_v1#66.clear_regions()
[1006262.568] {Default Queue}  -> tahoe_glass_surface_v1#66.set_region(7, 339, 128, 1370, 2, 24, 24, 24, 24, "dock", 5, 0.05859375, 1.00000000)
[1006294.636] {Default Queue}  -> tahoe_glass_surface_v1#66.set_region(7, 339, 115, 1370, 15, 24, 24, 24, 24, "dock", 5, 0.21875000, 1.00000000)
[1006317.699] {Default Queue}  -> tahoe_glass_surface_v1#66.set_region(7, 339, 107, 1370, 23, 24, 24, 24, 24, "dock", 5, 0.30078125, 1.00000000)
[1006353.922] {Default Queue}  -> tahoe_glass_surface_v1#66.set_region(7, 339, 99, 1370, 31, 24, 24, 24, 24, "dock", 5, 0.39843750, 1.00000000)
[1006360.581] {Default Queue}  -> tahoe_glass_surface_v1#66.set_region(7, 339, 86, 1370, 44, 24, 24, 24, 24, "dock", 5, 0.53906250, 1.00000000)
[1006390.230] {Default Queue}  -> tahoe_glass_surface_v1#66.set_region(7, 339, 80, 1370, 50, 24, 24, 24, 24, "dock", 5, 0.62109375, 1.00000000)
[1006409.271] {Default Queue}  -> tahoe_glass_surface_v1#66.set_region(7, 339, 70, 1370, 60, 24, 24, 24, 24, "dock", 5, 0.71875000, 1.00000000)
[1006438.357] {Default Queue}  -> tahoe_glass_surface_v1#66.set_region(7, 339, 67, 1370, 63, 24, 24, 24, 24, "dock", 5, 0.76171875, 1.00000000)
[1006453.750] {Default Queue}  -> tahoe_glass_surface_v1#66.set_region(7, 339, 63, 1370, 67, 24, 24, 24, 24, "dock", 5, 0.80078125, 1.00000000)
[1006470.516] {Default Queue}  -> tahoe_glass_surface_v1#66.set_region(7, 339, 60, 1370, 70, 24, 24, 24, 24, "dock", 5, 0.83984375, 1.00000000)
[1006486.547] {Default Queue}  -> tahoe_glass_surface_v1#66.set_region(7, 339, 56, 1370, 74, 24, 24, 24, 24, "dock", 5, 0.87890625, 1.00000000)
[1006517.999] {Default Queue}  -> tahoe_glass_surface_v1#66.set_region(7, 339, 54, 1370, 76, 24, 24, 24, 24, "dock", 5, 0.89843750, 1.00000000)
[1006534.489] {Default Queue}  -> tahoe_glass_surface_v1#66.set_region(7, 339, 53, 1370, 77, 24, 24, 24, 24, "dock", 5, 0.92187500, 1.00000000)
[1006556.481] {Default Queue}  -> tahoe_glass_surface_v1#66.set_region(7, 339, 51, 1370, 79, 24, 24, 24, 24, "dock", 5, 0.94140625, 1.00000000)
[1006582.554] {Default Queue}  -> tahoe_glass_surface_v1#66.set_region(7, 339, 49, 1370, 81, 24, 24, 24, 24, "dock", 5, 0.96093750, 1.00000000)
[1006617.583] {Default Queue}  -> tahoe_glass_surface_v1#66.set_region(7, 339, 48, 1370, 82, 24, 24, 24, 24, "dock", 5, 0.98046875, 1.00000000)
[1006678.506] {Default Queue}  -> tahoe_glass_surface_v1#66.set_region(7, 339, 47, 1370, 83, 24, 24, 24, 24, "dock", 5, 0.98046875, 1.00000000)
[1006709.572] {Default Queue}  -> tahoe_glass_surface_v1#66.set_region(7, 339, 47, 1370, 83, 24, 24, 24, 24, "dock", 5, 1.00000000, 1.00000000)
[1006758.599] {Default Queue}  -> tahoe_glass_surface_v1#66.set_region(7, 339, 46, 1370, 84, 24, 24, 24, 24, "dock", 5, 1.00000000, 1.00000000)
[1009070.239] {Default Queue}  -> tahoe_glass_surface_v1#66.set_region(7, 339, 46, 1370, 84, 24, 24, 24, 24, "dock", 5, 0.00000000, 1.00000000)
[1009086.088] {Default Queue}  -> tahoe_glass_surface_v1#66.set_region(7, 339, 50, 1370, 80, 24, 24, 24, 24, "dock", 5, 0.00000000, 1.00000000)
[1009102.083] {Default Queue}  -> tahoe_glass_surface_v1#66.set_region(7, 339, 57, 1370, 73, 24, 24, 24, 24, "dock", 5, 0.00000000, 1.00000000)
[1009117.990] {Default Queue}  -> tahoe_glass_surface_v1#66.set_region(7, 339, 64, 1370, 66, 24, 24, 24, 24, "dock", 5, 0.00000000, 1.00000000)
[1009134.139] {Default Queue}  -> tahoe_glass_surface_v1#66.set_region(7, 339, 72, 1370, 58, 24, 24, 24, 24, "dock", 5, 0.00000000, 1.00000000)
[1009152.228] {Default Queue}  -> tahoe_glass_surface_v1#66.set_region(7, 339, 80, 1370, 50, 24, 24, 24, 24, "dock", 5, 0.00000000, 1.00000000)
[1009165.958] {Default Queue}  -> tahoe_glass_surface_v1#66.set_region(7, 339, 87, 1370, 43, 24, 24, 24, 24, "dock", 5, 0.00000000, 1.00000000)
[1009182.404] {Default Queue}  -> tahoe_glass_surface_v1#66.set_region(7, 339, 94, 1370, 36, 24, 24, 24, 24, "dock", 5, 0.00000000, 1.00000000)
[1009198.153] {Default Queue}  -> tahoe_glass_surface_v1#66.set_region(7, 339, 100, 1370, 30, 24, 24, 24, 24, "dock", 5, 0.00000000, 1.00000000)
[1009213.969] {Default Queue}  -> tahoe_glass_surface_v1#66.set_region(7, 339, 105, 1370, 25, 24, 24, 24, 24, "dock", 5, 0.00000000, 1.00000000)
[1009232.013] {Default Queue}  -> tahoe_glass_surface_v1#66.set_region(7, 339, 109, 1370, 21, 24, 24, 24, 24, "dock", 5, 0.00000000, 1.00000000)
[1009246.406] {Default Queue}  -> tahoe_glass_surface_v1#66.set_region(7, 339, 113, 1370, 17, 24, 24, 24, 24, "dock", 5, 0.00000000, 1.00000000)
[1009262.392] {Default Queue}  -> tahoe_glass_surface_v1#66.set_region(7, 339, 117, 1370, 13, 24, 24, 24, 24, "dock", 5, 0.00000000, 1.00000000)
[1009278.159] {Default Queue}  -> tahoe_glass_surface_v1#66.set_region(7, 339, 119, 1370, 11, 24, 24, 24, 24, "dock", 5, 0.00000000, 1.00000000)
[1009293.815] {Default Queue}  -> tahoe_glass_surface_v1#66.set_region(7, 339, 122, 1370, 8, 24, 24, 24, 24, "dock", 5, 0.00000000, 1.00000000)
[1009310.401] {Default Queue}  -> tahoe_glass_surface_v1#66.set_region(7, 339, 124, 1370, 6, 24, 24, 24, 24, "dock", 5, 0.00000000, 1.00000000)
[1009326.031] {Default Queue}  -> tahoe_glass_surface_v1#66.set_region(7, 339, 126, 1370, 4, 24, 24, 24, 24, "dock", 5, 0.00000000, 1.00000000)
[1009342.208] {Default Queue}  -> tahoe_glass_surface_v1#66.set_region(7, 339, 127, 1370, 3, 24, 24, 24, 24, "dock", 5, 0.00000000, 1.00000000)
[1009358.541] {Default Queue}  -> tahoe_glass_surface_v1#66.set_region(7, 339, 128, 1370, 2, 24, 24, 24, 24, "dock", 5, 0.00000000, 1.00000000)
[1009373.834] {Default Queue}  -> tahoe_glass_surface_v1#66.set_region(7, 339, 129, 1370, 1, 24, 24, 24, 24, "dock", 5, 0.00000000, 1.00000000)
[1009390.523] {Default Queue}  -> tahoe_glass_surface_v1#66.clear_regions()
